<?xml version="1.0" encoding="UTF-8"?>
<robot generator="Robot 6.1.1 (Python 3.11.4 on win32)" generated="20230817 22:41:44.901" rpa="false" schemaversion="4">
<suite id="s1" name="Amazon Testes" source="C:\Users\jgonzaga\OneDrive - Capgemini\Bck 08.11.22\Jordana\Cursos\RobotFrameWork\WebTesting\amazon_testes.robot">
<test id="s1-t1" name=" Caso de Teste 02 - Pesquisa de um Produto" line="19">
<kw name="Abrir o navegador" library="amazon_resources" type="SETUP">
<kw name="Open Browser" library="SeleniumLibrary">
<arg>browser=chrome</arg>
<doc>Opens a new browser instance to the optional ``url``.</doc>
<msg timestamp="20230817 22:41:45.206" level="INFO">Opening browser 'chrome' to base url 'None'.</msg>
<status status="PASS" starttime="20230817 22:41:45.206" endtime="20230817 22:41:49.327"/>
</kw>
<kw name="Maximize Browser Window" library="SeleniumLibrary">
<doc>Maximizes current browser window.</doc>
<status status="PASS" starttime="20230817 22:41:49.327" endtime="20230817 22:41:49.460"/>
</kw>
<status status="PASS" starttime="20230817 22:41:45.206" endtime="20230817 22:41:49.460"/>
</kw>
<kw name="Acessar a home page do site Amazon.com.br" library="amazon_resources">
<kw name="Go To" library="SeleniumLibrary">
<arg>url=${URL}</arg>
<doc>Navigates the current browser window to the provided ``url``.</doc>
<msg timestamp="20230817 22:41:49.462" level="INFO">Opening url 'http://www.amazon.com.br'</msg>
<status status="PASS" starttime="20230817 22:41:49.462" endtime="20230817 22:41:53.165"/>
</kw>
<kw name="Wait Until Element Is Visible" library="SeleniumLibrary">
<arg>locator=${MENU_lIVROS}</arg>
<doc>Waits until the element ``locator`` is visible.</doc>
<status status="PASS" starttime="20230817 22:41:53.165" endtime="20230817 22:41:53.504"/>
</kw>
<status status="PASS" starttime="20230817 22:41:49.461" endtime="20230817 22:41:53.504"/>
</kw>
<kw name="Digitar o nome de produto &quot;Xbox Series X&quot; no campo de pesquisa" library="amazon_resources" sourcename="Digitar o nome de produto &quot;${PRODUTO}&quot; no campo de pesquisa">
<kw name="Input Text" library="SeleniumLibrary">
<arg>locator=twotabsearchtextbox</arg>
<arg>text=${PRODUTO}</arg>
<doc>Types the given ``text`` into the text field identified by ``locator``.</doc>
<msg timestamp="20230817 22:41:53.508" level="INFO">Typing text 'Xbox Series X' into text field 'twotabsearchtextbox'.</msg>
<status status="PASS" starttime="20230817 22:41:53.507" endtime="20230817 22:41:54.118"/>
</kw>
<status status="PASS" starttime="20230817 22:41:53.506" endtime="20230817 22:41:54.118"/>
</kw>
<kw name="Clicar no botão de pesquisa" library="amazon_resources">
<kw name="Click Element" library="SeleniumLibrary">
<arg>locator=nav-search-submit-button</arg>
<doc>Click the element identified by ``locator``.</doc>
<msg timestamp="20230817 22:41:54.121" level="INFO">Clicking element 'nav-search-submit-button'.</msg>
<status status="PASS" starttime="20230817 22:41:54.120" endtime="20230817 22:41:56.948"/>
</kw>
<status status="PASS" starttime="20230817 22:41:54.119" endtime="20230817 22:41:56.948"/>
</kw>
<kw name="Verificar o resultado da pesquisa se está listando o produto &quot;Console Xbox Series X&quot;" library="amazon_resources" sourcename="Verificar o resultado da pesquisa se está listando o produto &quot;${PRODUTO}&quot;">
<kw name="Wait Until Element Is Visible" library="SeleniumLibrary">
<arg>locator=(//span[contains(.,'${PRODUTO}')])[2]</arg>
<doc>Waits until the element ``locator`` is visible.</doc>
<status status="PASS" starttime="20230817 22:41:56.950" endtime="20230817 22:41:57.074"/>
</kw>
<status status="PASS" starttime="20230817 22:41:56.949" endtime="20230817 22:41:57.074"/>
</kw>
<kw name="Fechar o navegador" library="amazon_resources" type="TEARDOWN">
<kw name="Capture Page Screenshot" library="SeleniumLibrary">
<doc>Takes a screenshot of the current page and embeds it into a log file.</doc>
<msg timestamp="20230817 22:41:57.496" level="INFO" html="true">&lt;/td&gt;&lt;/tr&gt;&lt;tr&gt;&lt;td colspan="3"&gt;&lt;a href="selenium-screenshot-11.png"&gt;&lt;img src="selenium-screenshot-11.png" width="800px"&gt;&lt;/a&gt;</msg>
<status status="PASS" starttime="20230817 22:41:57.075" endtime="20230817 22:41:57.496"/>
</kw>
<kw name="Close Browser" library="SeleniumLibrary">
<doc>Closes the current browser.</doc>
<status status="PASS" starttime="20230817 22:41:57.497" endtime="20230817 22:42:00.025"/>
</kw>
<status status="PASS" starttime="20230817 22:41:57.075" endtime="20230817 22:42:00.026"/>
</kw>
<doc>Esse teste verifica a busca de um produto</doc>
<tag>busca_produtos lista_busca</tag>
<status status="PASS" starttime="20230817 22:41:45.205" endtime="20230817 22:42:00.027"/>
</test>
<doc>Essa suite testa o site da Amazon.com.br</doc>
<status status="PASS" starttime="20230817 22:41:44.903" endtime="20230817 22:42:00.028"/>
</suite>
<statistics>
<total>
<stat pass="1" fail="0" skip="0">All Tests</stat>
</total>
<tag>
<stat pass="1" fail="0" skip="0">busca_produtos lista_busca</stat>
</tag>
<suite>
<stat pass="1" fail="0" skip="0" id="s1" name="Amazon Testes">Amazon Testes</stat>
</suite>
</statistics>
<errors>
</errors>
</robot>
